<?xml version="1.0" encoding="UTF-8"?>
<!-- Generated by org.testng.reporters.JUnitReportReporter -->
<testsuite skipped="0" hostname="DESKTOP-5RITR10" name="Academy.validateImage" tests="1" failures="0" timestamp="2020-12-21T14:28:52 IST" time="0.154" errors="0">
  <testcase name="validate" time="0.154" classname="Academy.validateImage"/>
  <system-out/>
</testsuite> <!-- Academy.validateImage -->
