<?xml version="1.0" encoding="UTF-8"?>
<!-- Generated by org.testng.reporters.JUnitReportReporter -->
<testsuite skipped="0" hostname="DESKTOP-5RITR10" name="Academy.validateTitle" tests="1" failures="0" timestamp="2020-12-21T14:28:52 IST" time="0.052" errors="0">
  <testcase name="validate" time="0.052" classname="Academy.validateTitle"/>
  <system-out/>
</testsuite> <!-- Academy.validateTitle -->
