<?xml version="1.0" encoding="UTF-8"?>
<!-- Generated by org.testng.reporters.JUnitReportReporter -->
<testsuite skipped="0" hostname="DESKTOP-5RITR10" name="Academy.HomePage" tests="2" failures="0" timestamp="2020-12-21T20:27:15 IST" time="4.216" errors="0">
  <testcase name="baseNavigation" time="2.541" classname="Academy.HomePage"/>
  <system-out/>
  <testcase name="baseNavigation" time="1.675" classname="Academy.HomePage"/>
  <system-out/>
</testsuite> <!-- Academy.HomePage -->
